C51 COMPILER V9.60.7.0   MAIN                                                              03/29/2025 22:35:43 PAGE 1   


C51 COMPILER V9.60.7.0, COMPILATION OF MODULE MAIN
OBJECT MODULE PLACED IN .\Objects\main.obj
COMPILER INVOKED BY: D:\Keil_v5\C51\BIN\C51.EXE main.c OPTIMIZE(8,SPEED) BROWSE DEBUG OBJECTEXTEND PRINT(.\Listings\main
                    -.lst) TABS(2) OBJECT(.\Objects\main.obj)

line level    source

   1          #include <REGX52.H>
   2          void Delay1ms(unsigned int xms)   //@12.000MHz
   3          {
   4   1        unsigned char i, j;
   5   1        while(xms)
   6   1        {
   7   2          i = 2;
   8   2          j = 239;
   9   2          do
  10   2          {
  11   3            while (--j);
  12   3          } while (--i);
  13   2          xms--;
  14   2        }
  15   1      }
  16          
  17          void main()
  18          {
  19   1        while(1)
  20   1        { 
  21   2          P2=0xFE;//1111 1110
  22   2          Delay1ms(100);
  23   2          P2=0xFF;//1111 1101
  24   2          Delay1ms(100);
  25   2          P2=0xFB;//1111 1011
  26   2          Delay1ms(100);
  27   2          P2=0xF7;//1111 0111
  28   2          Delay1ms(100);
  29   2          P2=0xEF;//1110 1111
  30   2          Delay1ms(100);
  31   2          P2=0xDF;//1101 1111
  32   2          Delay1ms(100);
  33   2          P2=0xBF;//1011 1111
  34   2          Delay1ms(100);
  35   2          P2=0x7F;//0111 1111
  36   2          Delay1ms(100);
  37   2        }
  38   1      
  39   1      }


MODULE INFORMATION:   STATIC OVERLAYABLE
   CODE SIZE        =     74    ----
   CONSTANT SIZE    =   ----    ----
   XDATA SIZE       =   ----    ----
   PDATA SIZE       =   ----    ----
   DATA SIZE        =   ----    ----
   IDATA SIZE       =   ----    ----
   BIT SIZE         =   ----    ----
END OF MODULE INFORMATION.


C51 COMPILATION COMPLETE.  0 WARNING(S),  0 ERROR(S)
