C51 COMPILER V9.60.7.0   MAIN                                                              03/30/2025 00:04:34 PAGE 1   


C51 COMPILER V9.60.7.0, COMPILATION OF MODULE MAIN
OBJECT MODULE PLACED IN .\Objects\main.obj
COMPILER INVOKED BY: D:\Keil_v5\C51\BIN\C51.EXE main.c OPTIMIZE(8,SPEED) BROWSE DEBUG OBJECTEXTEND PRINT(.\Listings\main
                    -.lst) OBJECT(.\Objects\main.obj)

line level    source

   1          #include <REGX52.H>
   2          void Delay(unsigned int xms)            //@12.000MHz
   3          {
   4   1              unsigned char i, j;
   5   1              while(xms)
   6   1              {
   7   2              i = 2;
   8   2              j = 239;
   9   2              do
  10   2              {
  11   3                      while (--j);
  12   3              } while (--i);
  13   2              xms--;
  14   2              }
  15   1      }
  16          unsigned char LEDNum;
  17          void main()
  18          {
  19   1              P2=~0x01;
  20   1              while(1)
  21   1              {
  22   2                      if(P3_1==0)
  23   2                      {
  24   3                              Delay(20);
  25   3                              while(P3_1==0);
  26   3                              Delay(20);
  27   3                              LEDNum++;
  28   3                              if(LEDNum>=8)
  29   3                              LEDNum=0;
  30   3                                      P2=~(0x01<<LEDNum);
  31   3                      }
  32   2                              if(P3_0==0)
  33   2                              {
  34   3                                      Delay(20);
  35   3                                      while(P3_0==0);
  36   3                                      Delay(20);
  37   3                                      if(LEDNum==0)
  38   3                                              LEDNum=7;
  39   3                                      else
  40   3                                      LEDNum--; 
  41   3                                      P2=~(0x01<<LEDNum);
  42   3                      }
  43   2              }
  44   1      }


MODULE INFORMATION:   STATIC OVERLAYABLE
   CODE SIZE        =    108    ----
   CONSTANT SIZE    =   ----    ----
   XDATA SIZE       =   ----    ----
   PDATA SIZE       =   ----    ----
   DATA SIZE        =      1    ----
   IDATA SIZE       =   ----    ----
   BIT SIZE         =   ----    ----
C51 COMPILER V9.60.7.0   MAIN                                                              03/30/2025 00:04:34 PAGE 2   

END OF MODULE INFORMATION.


C51 COMPILATION COMPLETE.  0 WARNING(S),  0 ERROR(S)
