C51 COMPILER V9.60.7.0   TIMER0                                                            04/11/2025 21:31:05 PAGE 1   


C51 COMPILER V9.60.7.0, COMPILATION OF MODULE TIMER0
OBJECT MODULE PLACED IN .\Objects\Timer0.obj
COMPILER INVOKED BY: D:\Keil_v5\C51\BIN\C51.EXE Timer0.c OPTIMIZE(8,SPEED) BROWSE DEBUG OBJECTEXTEND PRINT(.\Listings\Ti
                    -mer0.lst) OBJECT(.\Objects\Timer0.obj)

line level    source

   1          #include <REGX52.H>
   2          void Timer0_Init()
   3          {
   4   1              TMOD &= 0xF0;           //设置定时器模式
   5   1              TMOD |= 0x01;           //设置定时器模式
   6   1              TL0 = 0x66;             //设置定时初值
   7   1              TH0 = 0xFC;             //设置定时初值
   8   1              TF0 = 0;                //清除TF0标志
   9   1              TR0 = 1;                //定时器0开始计时
  10   1      
  11   1              //TMOD=0x01;//0000 0001
  12   1              TMOD&=0xF0;//把TMOD的低四位清零，高四位保持不变
  13   1              TMOD|=0x01;//把TMOD的最低位置1，高四位保持不变
  14   1              TF0=0;
  15   1              TR0=1;
  16   1              ET0=1;
  17   1              EA=1;
  18   1              PT0=0;
  19   1      }


MODULE INFORMATION:   STATIC OVERLAYABLE
   CODE SIZE        =     33    ----
   CONSTANT SIZE    =   ----    ----
   XDATA SIZE       =   ----    ----
   PDATA SIZE       =   ----    ----
   DATA SIZE        =   ----    ----
   IDATA SIZE       =   ----    ----
   BIT SIZE         =   ----    ----
END OF MODULE INFORMATION.


C51 COMPILATION COMPLETE.  0 WARNING(S),  0 ERROR(S)
