C51 COMPILER V9.60.7.0   MAIN                                                              04/11/2025 21:23:08 PAGE 1   


C51 COMPILER V9.60.7.0, COMPILATION OF MODULE MAIN
OBJECT MODULE PLACED IN .\Objects\main.obj
COMPILER INVOKED BY: D:\Keil_v5\C51\BIN\C51.EXE main.c OPTIMIZE(8,SPEED) BROWSE DEBUG OBJECTEXTEND PRINT(.\Listings\main
                    -.lst) OBJECT(.\Objects\main.obj)

line level    source

   1          #include <REGX52.H>
   2          #include "Timer0.h"
   3          #include "Key.h"
   4          #include <INTRINS.H>
   5          unsigned char KeyNum;LEDMode;
   6          void main()
   7          {
   8   1              P2=0xFE;
   9   1              Timer0_Init();
  10   1              while(1)
  11   1              {
  12   2                      KeyNum=Key();
*** WARNING C206 IN LINE 12 OF main.c: 'Key': missing function-prototype
  13   2                      if(KeyNum)
  14   2                      {
  15   3                              if(KeyNum==1)
  16   3                              {
  17   4                                      LEDMode++;
  18   4                                      if(LEDMode>=2)LEDMode=0;
  19   4                              }
  20   3                      
  21   3                      }
  22   2              }
  23   1      }
  24          
  25          void Timer0_Routine() interrupt 1 
  26          {
  27   1              static unsigned int T0Count;
  28   1              TL0 = 0x66;             //设置定时初值
  29   1              TH0 = 0xFC;             //设置定时初值
  30   1              T0Count++;
  31   1              if(T0Count>=500)
  32   1              {
  33   2                      T0Count=0;
  34   2                      if(LEDMode==0)
  35   2                              P2=_crol_(P2,1);
  36   2                      if(LEDMode==1)
  37   2                              P2=_cror_(P2,1);
  38   2              }
  39   1      }


MODULE INFORMATION:   STATIC OVERLAYABLE
   CODE SIZE        =    133    ----
   CONSTANT SIZE    =   ----    ----
   XDATA SIZE       =   ----    ----
   PDATA SIZE       =   ----    ----
   DATA SIZE        =      5    ----
   IDATA SIZE       =   ----    ----
   BIT SIZE         =   ----    ----
END OF MODULE INFORMATION.


C51 COMPILATION COMPLETE.  1 WARNING(S),  0 ERROR(S)
